Arguments: 
  /Users/omaredu/.nvm/versions/node/v15.0.1/bin/node /Users/omaredu/.nvm/versions/node/v15.0.1/bin/yarn init

PATH: 
  /Users/omaredu/.nvm/versions/node/v15.0.1/bin:/Users/omaredu/.cargo/bin:/usr/local/bin:/usr/bin:/bin:/usr/sbin:/sbin:/usr/local/share/dotnet:~/.dotnet/tools:/Library/Apple/usr/bin:/Library/Frameworks/Mono.framework/Versions/Current/Commands:/Users/omaredu/Library/Android/sdk/emulator:/Users/omaredu/Library/Android/sdk/tools:/Users/omaredu/Library/Android/sdk/tools/bin:/Users/omaredu/Library/Android/sdk/platform-tools

Yarn version: 
  1.22.10

Node version: 
  15.0.1

Platform: 
  darwin x64

Trace: 
  Error: canceled
      at Interface.<anonymous> (/Users/omaredu/.nvm/versions/node/v15.0.1/lib/node_modules/yarn/lib/cli.js:136216:13)
      at Interface.emit (node:events:327:20)
      at Interface._ttyWrite (node:readline:875:16)
      at ReadStream.onkeypress (node:readline:213:10)
      at ReadStream.emit (node:events:327:20)
      at emitKeys (node:internal/readline/utils:345:14)
      at emitKeys.next (<anonymous>)
      at ReadStream.onData (node:readline:1144:36)
      at ReadStream.emit (node:events:327:20)
      at addChunk (node:internal/streams/readable:304:12)

npm manifest: 
  {
    "name": "pine",
    "version": "1.0.0",
    "description": "",
    "main": "app/index.js",
    "scripts": {
      "start": "node .",
      "test": "echo \"Error: no test specified\" && exit 1"
    },
    "author": "",
    "license": "ISC"
  }

yarn manifest: 
  No manifest

Lockfile: 
  No lockfile
